<?xml version="1.0" encoding="UTF-8"?>
<!-- Generated by org.testng.reporters.JUnitXMLReporter -->
<testsuite hostname="DESKTOP-FL8948R" ignored="0" name="Default test" tests="4" failures="0" timestamp="03 Aug 2019 18:02:00 GMT" time="48.868" errors="0">
  <testcase name="registerUserdetails" time="10.642" classname="com.Newtours.Tests.Testcases"/>
  <testcase name="login" time="3.647" classname="com.Newtours.Tests.Testcases"/>
  <testcase name="bookFlightdetails" time="10.159" classname="com.Newtours.Tests.Testcases"/>
  <testcase name="invalidLogin" time="2.596" classname="com.Newtours.Tests.Testcases"/>
</testsuite> <!-- Default test -->
