<?xml version="1.0" encoding="UTF-8"?>
<!-- Generated by org.testng.reporters.JUnitXMLReporter -->
<testsuite hostname="DESKTOP-FL8948R" ignored="0" name="Newtours" tests="4" failures="0" timestamp="03 Aug 2019 17:27:13 GMT" time="43.753" errors="0">
  <testcase name="registerUserdetails" time="10.366" classname="com.Newtours.Tests.Testcases"/>
  <testcase name="login" time="2.666" classname="com.Newtours.Tests.Testcases"/>
  <testcase name="bookFlightdetails" time="7.469" classname="com.Newtours.Tests.Testcases"/>
  <testcase name="invalidLogin" time="2.064" classname="com.Newtours.Tests.Testcases"/>
</testsuite> <!-- Newtours -->
